<?xml version="1.0" encoding="UTF-8"?>
<!-- Generated by org.testng.reporters.JUnitReportReporter -->
<testsuite hostname="DESKTOP-7JJIGBK" failures="0" tests="1" name="com.inetbanking.testCases.TC_Login_001" time="3.543" errors="0" timestamp="2022-06-09T12:10:59 CEST" skipped="0">
  <testcase classname="com.inetbanking.testCases.TC_Login_001" name="loginTest" time="3.543"/>
  <system-out/>
</testsuite> <!-- com.inetbanking.testCases.TC_Login_001 -->
